{"/Users/randompch/Development/versionned/github/v5/app/components/base/BaseButton.vue": {"path":"/Users/randompch/Development/versionned/github/v5/app/components/base/BaseButton.vue","statementMap":{"0":{"start":{"line":21,"column":20},"end":{"line":24,"column":null}},"1":{"start":{"line":28,"column":5},"end":{"line":53,"column":null}},"2":{"start":{"line":35,"column":8},"end":{"line":35,"column":null}},"3":{"start":{"line":50,"column":6},"end":{"line":50,"column":null}},"4":{"start":{"line":2,"column":2},"end":{"line":12,"column":null}},"5":{"start":{"line":9,"column":12},"end":{"line":9,"column":null}}},"fnMap":{"0":{"name":"(anonymous_0)","decl":{"start":{"line":34,"column":17},"end":{"line":34,"column":18}},"loc":{"start":{"line":34,"column":45},"end":{"line":36,"column":null}},"line":34},"1":{"name":"(anonymous_1)","decl":{"start":{"line":49,"column":4},"end":{"line":49,"column":16}},"loc":{"start":{"line":49,"column":36},"end":{"line":51,"column":null}},"line":49},"2":{"name":"(anonymous_2)","decl":{"start":{"line":9,"column":10},"end":{"line":9,"column":12}},"loc":{"start":{"line":9,"column":12},"end":{"line":9,"column":null}},"line":9}},"branchMap":{"0":{"loc":{"start":{"line":9,"column":10},"end":{"line":9,"column":null}},"type":"binary-expr","locations":[{"start":{"line":9,"column":10},"end":{"line":9,"column":12}},{"start":{"line":9,"column":10},"end":{"line":9,"column":null}}],"line":9},"1":{"loc":{"start":{"line":9,"column":12},"end":{"line":9,"column":null}},"type":"binary-expr","locations":[{"start":{"line":9,"column":12},"end":{"line":9,"column":null}},{"start":{"line":9,"column":12},"end":{"line":9,"column":null}}],"line":9}},"s":{"0":0,"1":0,"2":0,"3":0,"4":0,"5":0},"f":{"0":0,"1":0,"2":0},"b":{"0":[0,0],"1":[0,0]},"meta":{"lastBranch":2,"lastFunction":3,"lastStatement":6,"seen":{"s:21:20:24:Infinity":0,"s:28:5:53:Infinity":1,"f:34:17:34:18":0,"s:35:8:35:Infinity":2,"f:49:4:49:16":1,"s:50:6:50:Infinity":3,"s:2:2:12:Infinity":4,"b:9:10:9:12:9:10:9:Infinity":0,"f:9:10:9:12":2,"s:9:12:9:Infinity":5,"b:9:12:9:Infinity:9:12:9:Infinity":1}}}
,"/Users/randompch/Development/versionned/github/v5/app/components/base/BaseCollapsible.vue": {"path":"/Users/randompch/Development/versionned/github/v5/app/components/base/BaseCollapsible.vue","statementMap":{"0":{"start":{"line":4,"column":17},"end":{"line":55,"column":2}},"1":{"start":{"line":7,"column":17},"end":{"line":51,"column":5}},"2":{"start":{"line":13,"column":10},"end":{"line":13,"column":null}},"3":{"start":{"line":16,"column":28},"end":{"line":16,"column":53}},"4":{"start":{"line":18,"column":10},"end":{"line":18,"column":null}},"5":{"start":{"line":19,"column":10},"end":{"line":19,"column":null}},"6":{"start":{"line":20,"column":10},"end":{"line":20,"column":null}},"7":{"start":{"line":21,"column":10},"end":{"line":21,"column":null}},"8":{"start":{"line":23,"column":29},"end":{"line":23,"column":54}},"9":{"start":{"line":25,"column":10},"end":{"line":25,"column":null}},"10":{"start":{"line":26,"column":10},"end":{"line":26,"column":null}},"11":{"start":{"line":27,"column":10},"end":{"line":27,"column":null}},"12":{"start":{"line":28,"column":10},"end":{"line":28,"column":null}},"13":{"start":{"line":32,"column":10},"end":{"line":32,"column":null}},"14":{"start":{"line":34,"column":10},"end":{"line":36,"column":null}},"15":{"start":{"line":35,"column":12},"end":{"line":35,"column":null}},"16":{"start":{"line":39,"column":25},"end":{"line":39,"column":57}},"17":{"start":{"line":40,"column":10},"end":{"line":40,"column":null}},"18":{"start":{"line":44,"column":10},"end":{"line":44,"column":null}},"19":{"start":{"line":46,"column":10},"end":{"line":48,"column":null}},"20":{"start":{"line":47,"column":12},"end":{"line":47,"column":null}},"21":{"start":{"line":53,"column":4},"end":{"line":53,"column":null}}},"fnMap":{"0":{"name":"(anonymous_0)","decl":{"start":{"line":6,"column":2},"end":{"line":6,"column":8}},"loc":{"start":{"line":6,"column":11},"end":{"line":54,"column":3}},"line":6},"1":{"name":"(anonymous_1)","decl":{"start":{"line":12,"column":8},"end":{"line":12,"column":18}},"loc":{"start":{"line":12,"column":28},"end":{"line":14,"column":9}},"line":12},"2":{"name":"(anonymous_2)","decl":{"start":{"line":15,"column":8},"end":{"line":15,"column":13}},"loc":{"start":{"line":15,"column":23},"end":{"line":37,"column":9}},"line":15},"3":{"name":"(anonymous_3)","decl":{"start":{"line":34,"column":32},"end":{"line":34,"column":33}},"loc":{"start":{"line":34,"column":38},"end":{"line":36,"column":11}},"line":34},"4":{"name":"(anonymous_4)","decl":{"start":{"line":38,"column":8},"end":{"line":38,"column":13}},"loc":{"start":{"line":38,"column":23},"end":{"line":49,"column":9}},"line":38},"5":{"name":"(anonymous_5)","decl":{"start":{"line":46,"column":32},"end":{"line":46,"column":33}},"loc":{"start":{"line":46,"column":38},"end":{"line":48,"column":11}},"line":46}},"branchMap":{},"s":{"0":0,"1":0,"2":0,"3":0,"4":0,"5":0,"6":0,"7":0,"8":0,"9":0,"10":0,"11":0,"12":0,"13":0,"14":0,"15":0,"16":0,"17":0,"18":0,"19":0,"20":0,"21":0},"f":{"0":0,"1":0,"2":0,"3":0,"4":0,"5":0},"b":{},"meta":{"lastBranch":0,"lastFunction":6,"lastStatement":22,"seen":{"s:4:17:55:2":0,"f:6:2:6:8":0,"s:7:17:51:5":1,"f:12:8:12:18":1,"s:13:10:13:Infinity":2,"f:15:8:15:13":2,"s:16:28:16:53":3,"s:18:10:18:Infinity":4,"s:19:10:19:Infinity":5,"s:20:10:20:Infinity":6,"s:21:10:21:Infinity":7,"s:23:29:23:54":8,"s:25:10:25:Infinity":9,"s:26:10:26:Infinity":10,"s:27:10:27:Infinity":11,"s:28:10:28:Infinity":12,"s:32:10:32:Infinity":13,"s:34:10:36:Infinity":14,"f:34:32:34:33":3,"s:35:12:35:Infinity":15,"f:38:8:38:13":4,"s:39:25:39:57":16,"s:40:10:40:Infinity":17,"s:44:10:44:Infinity":18,"s:46:10:48:Infinity":19,"f:46:32:46:33":5,"s:47:12:47:Infinity":20,"s:53:4:53:Infinity":21}}}
,"/Users/randompch/Development/versionned/github/v5/app/components/base/BaseHeader.vue": {"path":"/Users/randompch/Development/versionned/github/v5/app/components/base/BaseHeader.vue","statementMap":{"0":{"start":{"line":41,"column":5},"end":{"line":60,"column":null}},"1":{"start":{"line":50,"column":10},"end":{"line":50,"column":null}},"2":{"start":{"line":51,"column":27},"end":{"line":53,"column":null}},"3":{"start":{"line":52,"column":6},"end":{"line":52,"column":null}},"4":{"start":{"line":55,"column":4},"end":{"line":58,"column":null}},"5":{"start":{"line":2,"column":10},"end":{"line":2,"column":null}},"6":{"start":{"line":4,"column":9},"end":{"line":4,"column":null}},"7":{"start":{"line":6,"column":11},"end":{"line":6,"column":null}},"8":{"start":{"line":2,"column":2},"end":{"line":27,"column":14}},"9":{"start":{"line":20,"column":41},"end":{"line":23,"column":119}}},"fnMap":{"0":{"name":"(anonymous_0)","decl":{"start":{"line":49,"column":2},"end":{"line":49,"column":10}},"loc":{"start":{"line":49,"column":10},"end":{"line":59,"column":null}},"line":49},"1":{"name":"(anonymous_1)","decl":{"start":{"line":51,"column":27},"end":{"line":51,"column":39}},"loc":{"start":{"line":51,"column":39},"end":{"line":53,"column":null}},"line":51},"2":{"name":"(anonymous_2)","decl":{"start":{"line":20,"column":12},"end":{"line":20,"column":15}},"loc":{"start":{"line":20,"column":41},"end":{"line":23,"column":119}},"line":20}},"branchMap":{"0":{"loc":{"start":{"line":21,"column":24},"end":{"line":22,"column":59}},"type":"cond-expr","locations":[{"start":{"line":21,"column":24},"end":{"line":21,"column":87}},{"start":{"line":21,"column":58},"end":{"line":22,"column":59}}],"line":21},"1":{"loc":{"start":{"line":22,"column":30},"end":{"line":23,"column":119}},"type":"binary-expr","locations":[{"start":{"line":22,"column":30},"end":{"line":22,"column":59}},{"start":{"line":22,"column":30},"end":{"line":23,"column":119}}],"line":22},"2":{"loc":{"start":{"line":26,"column":17},"end":{"line":26,"column":83}},"type":"binary-expr","locations":[{"start":{"line":26,"column":17},"end":{"line":26,"column":46}},{"start":{"line":26,"column":17},"end":{"line":26,"column":83}}],"line":26},"3":{"loc":{"start":{"line":26,"column":76},"end":{"line":27,"column":14}},"type":"binary-expr","locations":[{"start":{"line":26,"column":76},"end":{"line":26,"column":83}},{"start":{"line":26,"column":76},"end":{"line":27,"column":14}}],"line":26}},"s":{"0":0,"1":0,"2":0,"3":0,"4":0,"5":0,"6":0,"7":0,"8":0,"9":0},"f":{"0":0,"1":0,"2":0},"b":{"0":[0,0],"1":[0,0],"2":[0,0],"3":[0,0]},"meta":{"lastBranch":4,"lastFunction":3,"lastStatement":10,"seen":{"s:41:5:60:Infinity":0,"f:49:2:49:10":0,"s:50:10:50:Infinity":1,"s:51:27:53:Infinity":2,"f:51:27:51:39":1,"s:52:6:52:Infinity":3,"s:55:4:58:Infinity":4,"s:2:10:2:Infinity":5,"s:4:9:4:Infinity":6,"s:6:11:6:Infinity":7,"s:2:2:27:14":8,"f:20:12:20:15":2,"s:20:41:23:119":9,"b:21:24:21:87:21:58:22:59":0,"b:22:30:22:59:22:30:23:119":1,"b:26:17:26:46:26:17:26:83":2,"b:26:76:26:83:26:76:27:14":3}}}
,"/Users/randompch/Development/versionned/github/v5/app/components/base/BaseLink.vue": {"path":"/Users/randompch/Development/versionned/github/v5/app/components/base/BaseLink.vue","statementMap":{"0":{"start":{"line":19,"column":5},"end":{"line":39,"column":null}},"1":{"start":{"line":2,"column":2},"end":{"line":12,"column":111}}},"fnMap":{},"branchMap":{"0":{"loc":{"start":{"line":11,"column":12},"end":{"line":12,"column":111}},"type":"binary-expr","locations":[{"start":{"line":11,"column":12},"end":{"line":11,"column":null}},{"start":{"line":11,"column":12},"end":{"line":12,"column":111}}],"line":11}},"s":{"0":1,"1":4},"f":{},"b":{"0":[4,4]},"meta":{"lastBranch":1,"lastFunction":0,"lastStatement":2,"seen":{"s:19:5:39:Infinity":0,"s:2:2:12:111":1,"b:11:12:11:Infinity:11:12:12:111":0}}}
,"/Users/randompch/Development/versionned/github/v5/app/components/experience/ExperienceItem.vue": {"path":"/Users/randompch/Development/versionned/github/v5/app/components/experience/ExperienceItem.vue","statementMap":{"0":{"start":{"line":72,"column":6},"end":{"line":72,"column":null}},"1":{"start":{"line":72,"column":51},"end":{"line":72,"column":null}},"2":{"start":{"line":74,"column":5},"end":{"line":96,"column":null}},"3":{"start":{"line":2,"column":6},"end":{"line":2,"column":null}},"4":{"start":{"line":7,"column":9},"end":{"line":7,"column":null}},"5":{"start":{"line":8,"column":12},"end":{"line":8,"column":null}},"6":{"start":{"line":42,"column":14},"end":{"line":42,"column":null}},"7":{"start":{"line":2,"column":2},"end":{"line":58,"column":null}},"8":{"start":{"line":19,"column":41},"end":{"line":19,"column":41}},"9":{"start":{"line":43,"column":10},"end":{"line":48,"column":null}}},"fnMap":{"0":{"name":"(anonymous_0)","decl":{"start":{"line":72,"column":45},"end":{"line":72,"column":51}},"loc":{"start":{"line":72,"column":51},"end":{"line":72,"column":null}},"line":72},"1":{"name":"(anonymous_1)","decl":{"start":{"line":19,"column":12},"end":{"line":19,"column":15}},"loc":{"start":{"line":19,"column":41},"end":{"line":19,"column":41}},"line":19},"2":{"name":"(anonymous_2)","decl":{"start":{"line":44,"column":50},"end":{"line":44,"column":null}},"loc":{"start":{"line":44,"column":23},"end":{"line":48,"column":null}},"line":44}},"branchMap":{"0":{"loc":{"start":{"line":10,"column":16},"end":{"line":25,"column":null}},"type":"cond-expr","locations":[{"start":{"line":10,"column":66},"end":{"line":25,"column":null}}],"line":10},"1":{"loc":{"start":{"line":10,"column":16},"end":{"line":10,"column":null}},"type":"binary-expr","locations":[{"start":{"line":10,"column":16},"end":{"line":10,"column":45}},{"start":{"line":10,"column":45},"end":{"line":10,"column":null}}],"line":10},"2":{"loc":{"start":{"line":14,"column":18},"end":{"line":19,"column":41}},"type":"cond-expr","locations":[{"start":{"line":14,"column":39},"end":{"line":19,"column":41}}],"line":14},"3":{"loc":{"start":{"line":22,"column":18},"end":{"line":25,"column":null}},"type":"cond-expr","locations":[{"start":{"line":22,"column":39},"end":{"line":25,"column":null}},{"start":{"line":25,"column":43},"end":{"line":25,"column":null}}],"line":22},"4":{"loc":{"start":{"line":36,"column":18},"end":{"line":39,"column":null}},"type":"cond-expr","locations":[{"start":{"line":36,"column":29},"end":{"line":39,"column":null}},{"start":{"line":39,"column":38},"end":{"line":39,"column":null}}],"line":36},"5":{"loc":{"start":{"line":54,"column":20},"end":{"line":58,"column":null}},"type":"cond-expr","locations":[{"start":{"line":54,"column":31},"end":{"line":58,"column":null}},{"start":{"line":58,"column":8},"end":{"line":58,"column":null}}],"line":54}},"s":{"0":0,"1":0,"2":0,"3":0,"4":0,"5":0,"6":0,"7":0,"8":0,"9":0},"f":{"0":0,"1":0,"2":0},"b":{"0":[0],"1":[0,0],"2":[0],"3":[0,0],"4":[0,0],"5":[0,0]},"meta":{"lastBranch":6,"lastFunction":3,"lastStatement":10,"seen":{"s:72:6:72:Infinity":0,"f:72:45:72:51":0,"s:72:51:72:Infinity":1,"s:74:5:96:Infinity":2,"s:2:6:2:Infinity":3,"s:7:9:7:Infinity":4,"s:8:12:8:Infinity":5,"s:42:14:42:Infinity":6,"s:2:2:58:Infinity":7,"b:10:66:25:Infinity":0,"b:10:16:10:45:10:45:10:Infinity":1,"b:14:39:19:41":2,"f:19:12:19:15":1,"s:19:41:19:41":8,"b:22:39:25:Infinity:25:43:25:Infinity":3,"b:36:29:39:Infinity:39:38:39:Infinity":4,"f:44:50:44:Infinity":2,"s:43:10:48:Infinity":9,"b:54:31:58:Infinity:58:8:58:Infinity":5}}}
,"/Users/randompch/Development/versionned/github/v5/app/components/experience/ExperienceItemChildTimeline.vue": {"path":"/Users/randompch/Development/versionned/github/v5/app/components/experience/ExperienceItemChildTimeline.vue","statementMap":{"0":{"start":{"line":16,"column":5},"end":{"line":28,"column":null}}},"fnMap":{},"branchMap":{"0":{"loc":{"start":{"line":4,"column":10},"end":{"line":6,"column":null}},"type":"cond-expr","locations":[{"start":{"line":4,"column":10},"end":{"line":6,"column":null}},{"start":{"line":6,"column":4},"end":{"line":6,"column":null}}],"line":4},"1":{"loc":{"start":{"line":8,"column":10},"end":{"line":10,"column":null}},"type":"cond-expr","locations":[{"start":{"line":8,"column":22},"end":{"line":10,"column":null}},{"start":{"line":10,"column":4},"end":{"line":10,"column":null}}],"line":8},"2":{"loc":{"start":{"line":8,"column":10},"end":{"line":8,"column":null}},"type":"binary-expr","locations":[{"start":{"line":8,"column":10},"end":{"line":8,"column":17}},{"start":{"line":8,"column":17},"end":{"line":8,"column":null}}],"line":8}},"s":{"0":0},"f":{},"b":{"0":[0,0],"1":[0,0],"2":[0,0]},"meta":{"lastBranch":3,"lastFunction":0,"lastStatement":1,"seen":{"s:16:5:28:Infinity":0,"b:4:10:6:Infinity:6:4:6:Infinity":0,"b:8:22:10:Infinity:10:4:10:Infinity":1,"b:8:10:8:17:8:17:8:Infinity":2}}}
,"/Users/randompch/Development/versionned/github/v5/app/components/experience/ExperienceItemPeriod.vue": {"path":"/Users/randompch/Development/versionned/github/v5/app/components/experience/ExperienceItemPeriod.vue","statementMap":{"0":{"start":{"line":22,"column":5},"end":{"line":37,"column":null}},"1":{"start":{"line":31,"column":10},"end":{"line":31,"column":null}},"2":{"start":{"line":31,"column":37},"end":{"line":31,"column":97}},"3":{"start":{"line":33,"column":4},"end":{"line":35,"column":null}},"4":{"start":{"line":3,"column":10},"end":{"line":13,"column":null}}},"fnMap":{"0":{"name":"(anonymous_0)","decl":{"start":{"line":30,"column":2},"end":{"line":30,"column":8}},"loc":{"start":{"line":30,"column":15},"end":{"line":36,"column":null}},"line":30},"1":{"name":"(anonymous_1)","decl":{"start":{"line":31,"column":31},"end":{"line":31,"column":37}},"loc":{"start":{"line":31,"column":37},"end":{"line":31,"column":97}},"line":31}},"branchMap":{"0":{"loc":{"start":{"line":31,"column":37},"end":{"line":31,"column":97}},"type":"binary-expr","locations":[{"start":{"line":31,"column":37},"end":{"line":31,"column":70}},{"start":{"line":31,"column":70},"end":{"line":31,"column":97}}],"line":31},"1":{"loc":{"start":{"line":3,"column":10},"end":{"line":13,"column":null}},"type":"cond-expr","locations":[{"start":{"line":3,"column":34},"end":{"line":13,"column":null}}],"line":3},"2":{"loc":{"start":{"line":3,"column":10},"end":{"line":3,"column":null}},"type":"binary-expr","locations":[{"start":{"line":3,"column":10},"end":{"line":3,"column":23}},{"start":{"line":3,"column":23},"end":{"line":3,"column":null}}],"line":3},"3":{"loc":{"start":{"line":6,"column":16},"end":{"line":7,"column":null}},"type":"cond-expr","locations":[{"start":{"line":6,"column":16},"end":{"line":7,"column":null}},{"start":{"line":7,"column":56},"end":{"line":7,"column":null}}],"line":6},"4":{"loc":{"start":{"line":10,"column":12},"end":{"line":13,"column":null}},"type":"cond-expr","locations":[{"start":{"line":10,"column":23},"end":{"line":13,"column":null}},{"start":{"line":13,"column":29},"end":{"line":13,"column":null}}],"line":10}},"s":{"0":0,"1":0,"2":0,"3":0,"4":0},"f":{"0":0,"1":0},"b":{"0":[0,0],"1":[0],"2":[0,0],"3":[0,0],"4":[0,0]},"meta":{"lastBranch":5,"lastFunction":2,"lastStatement":5,"seen":{"s:22:5:37:Infinity":0,"f:30:2:30:8":0,"s:31:10:31:Infinity":1,"f:31:31:31:37":1,"s:31:37:31:97":2,"b:31:37:31:70:31:70:31:97":0,"s:33:4:35:Infinity":3,"s:3:10:13:Infinity":4,"b:3:34:13:Infinity":1,"b:3:10:3:23:3:23:3:Infinity":2,"b:6:16:7:Infinity:7:56:7:Infinity":3,"b:10:23:13:Infinity:13:29:13:Infinity":4}}}
,"/Users/randompch/Development/versionned/github/v5/app/components/experience/ExperienceItems.vue": {"path":"/Users/randompch/Development/versionned/github/v5/app/components/experience/ExperienceItems.vue","statementMap":{"0":{"start":{"line":17,"column":5},"end":{"line":32,"column":null}},"1":{"start":{"line":2,"column":6},"end":{"line":2,"column":null}},"2":{"start":{"line":2,"column":2},"end":{"line":8,"column":null}},"3":{"start":{"line":3,"column":4},"end":{"line":8,"column":null}}},"fnMap":{"0":{"name":"(anonymous_0)","decl":{"start":{"line":4,"column":47},"end":{"line":4,"column":null}},"loc":{"start":{"line":4,"column":31},"end":{"line":8,"column":null}},"line":4}},"branchMap":{},"s":{"0":0,"1":0,"2":0,"3":0},"f":{"0":0},"b":{},"meta":{"lastBranch":0,"lastFunction":1,"lastStatement":4,"seen":{"s:17:5:32:Infinity":0,"s:2:6:2:Infinity":1,"s:2:2:8:Infinity":2,"f:4:47:4:Infinity":0,"s:3:4:8:Infinity":3}}}
,"/Users/randompch/Development/versionned/github/v5/app/components/experience/ExperienceMain.vue": {"path":"/Users/randompch/Development/versionned/github/v5/app/components/experience/ExperienceMain.vue","statementMap":{"0":{"start":{"line":20,"column":15},"end":{"line":27,"column":null}},"1":{"start":{"line":29,"column":20},"end":{"line":40,"column":null}},"2":{"start":{"line":30,"column":2},"end":{"line":39,"column":null}},"3":{"start":{"line":31,"column":21},"end":{"line":31,"column":null}},"4":{"start":{"line":33,"column":4},"end":{"line":38,"column":null}},"5":{"start":{"line":34,"column":6},"end":{"line":37,"column":null}},"6":{"start":{"line":42,"column":16},"end":{"line":48,"column":null}},"7":{"start":{"line":43,"column":27},"end":{"line":43,"column":null}},"8":{"start":{"line":44,"column":30},"end":{"line":44,"column":null}},"9":{"start":{"line":45,"column":17},"end":{"line":45,"column":null}},"10":{"start":{"line":47,"column":2},"end":{"line":47,"column":null}},"11":{"start":{"line":50,"column":5},"end":{"line":178,"column":null}},"12":{"start":{"line":56,"column":10},"end":{"line":172,"column":null}},"13":{"start":{"line":56,"column":39},"end":{"line":172,"column":5}},"14":{"start":{"line":174,"column":4},"end":{"line":176,"column":null}},"15":{"start":{"line":2,"column":11},"end":{"line":2,"column":null}},"16":{"start":{"line":3,"column":9},"end":{"line":3,"column":null}},"17":{"start":{"line":4,"column":10},"end":{"line":4,"column":null}},"18":{"start":{"line":2,"column":2},"end":{"line":9,"column":null}}},"fnMap":{"0":{"name":"(anonymous_0)","decl":{"start":{"line":29,"column":20},"end":{"line":29,"column":21}},"loc":{"start":{"line":29,"column":94},"end":{"line":40,"column":null}},"line":29},"1":{"name":"(anonymous_1)","decl":{"start":{"line":42,"column":16},"end":{"line":42,"column":17}},"loc":{"start":{"line":42,"column":42},"end":{"line":48,"column":null}},"line":42},"2":{"name":"(anonymous_2)","decl":{"start":{"line":55,"column":2},"end":{"line":55,"column":10}},"loc":{"start":{"line":55,"column":10},"end":{"line":177,"column":null}},"line":55},"3":{"name":"(anonymous_3)","decl":{"start":{"line":56,"column":33},"end":{"line":56,"column":39}},"loc":{"start":{"line":56,"column":39},"end":{"line":172,"column":5}},"line":56}},"branchMap":{"0":{"loc":{"start":{"line":33,"column":4},"end":{"line":38,"column":null}},"type":"if","locations":[{"start":{"line":33,"column":4},"end":{"line":38,"column":null}},{"start":{},"end":{}}],"line":33},"1":{"loc":{"start":{"line":45,"column":17},"end":{"line":45,"column":null}},"type":"cond-expr","locations":[{"start":{"line":45,"column":34},"end":{"line":45,"column":39}},{"start":{"line":45,"column":39},"end":{"line":45,"column":null}}],"line":45}},"s":{"0":0,"1":0,"2":0,"3":0,"4":0,"5":0,"6":0,"7":0,"8":0,"9":0,"10":0,"11":0,"12":0,"13":0,"14":0,"15":0,"16":0,"17":0,"18":0},"f":{"0":0,"1":0,"2":0,"3":0},"b":{"0":[0,0],"1":[0,0]},"meta":{"lastBranch":2,"lastFunction":4,"lastStatement":19,"seen":{"s:20:15:27:Infinity":0,"s:29:20:40:Infinity":1,"f:29:20:29:21":0,"s:30:2:39:Infinity":2,"s:31:21:31:Infinity":3,"b:33:4:38:Infinity:undefined:undefined:undefined:undefined":0,"s:33:4:38:Infinity":4,"s:34:6:37:Infinity":5,"s:42:16:48:Infinity":6,"f:42:16:42:17":1,"s:43:27:43:Infinity":7,"s:44:30:44:Infinity":8,"s:45:17:45:Infinity":9,"b:45:34:45:39:45:39:45:Infinity":1,"s:47:2:47:Infinity":10,"s:50:5:178:Infinity":11,"f:55:2:55:10":2,"s:56:10:172:Infinity":12,"f:56:33:56:39":3,"s:56:39:172:5":13,"s:174:4:176:Infinity":14,"s:2:11:2:Infinity":15,"s:3:9:3:Infinity":16,"s:4:10:4:Infinity":17,"s:2:2:9:Infinity":18}}}
,"/Users/randompch/Development/versionned/github/v5/app/components/profile/ProfileDetails.vue": {"path":"/Users/randompch/Development/versionned/github/v5/app/components/profile/ProfileDetails.vue","statementMap":{"0":{"start":{"line":2,"column":11},"end":{"line":2,"column":null}},"1":{"start":{"line":2,"column":2},"end":{"line":4,"column":51}}},"fnMap":{},"branchMap":{},"s":{"0":0,"1":0},"f":{},"b":{},"meta":{"lastBranch":0,"lastFunction":0,"lastStatement":2,"seen":{"s:2:11:2:Infinity":0,"s:2:2:4:51":1}}}
,"/Users/randompch/Development/versionned/github/v5/app/components/profile/ProfileGithub.vue": {"path":"/Users/randompch/Development/versionned/github/v5/app/components/profile/ProfileGithub.vue","statementMap":{"0":{"start":{"line":23,"column":16},"end":{"line":23,"column":null}},"1":{"start":{"line":25,"column":27},"end":{"line":35,"column":null}},"2":{"start":{"line":37,"column":5},"end":{"line":77,"column":null}},"3":{"start":{"line":40,"column":10},"end":{"line":57,"column":null}},"4":{"start":{"line":41,"column":21},"end":{"line":54,"column":null}},"5":{"start":{"line":56,"column":6},"end":{"line":56,"column":null}},"6":{"start":{"line":59,"column":10},"end":{"line":70,"column":null}},"7":{"start":{"line":60,"column":21},"end":{"line":67,"column":null}},"8":{"start":{"line":69,"column":6},"end":{"line":69,"column":null}},"9":{"start":{"line":72,"column":4},"end":{"line":75,"column":null}},"10":{"start":{"line":2,"column":2},"end":{"line":15,"column":null}}},"fnMap":{"0":{"name":"(anonymous_0)","decl":{"start":{"line":39,"column":2},"end":{"line":39,"column":10}},"loc":{"start":{"line":39,"column":10},"end":{"line":76,"column":null}},"line":39},"1":{"name":"(anonymous_1)","decl":{"start":{"line":40,"column":30},"end":{"line":40,"column":36}},"loc":{"start":{"line":40,"column":36},"end":{"line":57,"column":5}},"line":40},"2":{"name":"(anonymous_2)","decl":{"start":{"line":59,"column":33},"end":{"line":59,"column":39}},"loc":{"start":{"line":59,"column":39},"end":{"line":70,"column":5}},"line":59}},"branchMap":{},"s":{"0":0,"1":0,"2":0,"3":0,"4":0,"5":0,"6":0,"7":0,"8":0,"9":0,"10":0},"f":{"0":0,"1":0,"2":0},"b":{},"meta":{"lastBranch":0,"lastFunction":3,"lastStatement":11,"seen":{"s:23:16:23:Infinity":0,"s:25:27:35:Infinity":1,"s:37:5:77:Infinity":2,"f:39:2:39:10":0,"s:40:10:57:Infinity":3,"f:40:30:40:36":1,"s:41:21:54:Infinity":4,"s:56:6:56:Infinity":5,"s:59:10:70:Infinity":6,"f:59:33:59:39":2,"s:60:21:67:Infinity":7,"s:69:6:69:Infinity":8,"s:72:4:75:Infinity":9,"s:2:2:15:Infinity":10}}}
,"/Users/randompch/Development/versionned/github/v5/app/components/profile/ProfileIntroduction.vue": {"path":"/Users/randompch/Development/versionned/github/v5/app/components/profile/ProfileIntroduction.vue","statementMap":{"0":{"start":{"line":33,"column":5},"end":{"line":44,"column":null}},"1":{"start":{"line":2,"column":7},"end":{"line":2,"column":null}},"2":{"start":{"line":3,"column":8},"end":{"line":3,"column":null}},"3":{"start":{"line":6,"column":7},"end":{"line":6,"column":null}},"4":{"start":{"line":2,"column":2},"end":{"line":24,"column":null}},"5":{"start":{"line":14,"column":6},"end":{"line":14,"column":17}}},"fnMap":{"0":{"name":"(anonymous_0)","decl":{"start":{"line":12,"column":7},"end":{"line":12,"column":null}},"loc":{"start":{"line":14,"column":6},"end":{"line":14,"column":17}},"line":14}},"branchMap":{"0":{"loc":{"start":{"line":4,"column":11},"end":{"line":4,"column":84}},"type":"binary-expr","locations":[{"start":{"line":4,"column":11},"end":{"line":4,"column":47}},{"start":{"line":4,"column":11},"end":{"line":4,"column":84}}],"line":4},"1":{"loc":{"start":{"line":14,"column":6},"end":{"line":14,"column":17}},"type":"binary-expr","locations":[{"start":{"line":14,"column":6},"end":{"line":14,"column":17}},{"start":{"line":14,"column":6},"end":{"line":14,"column":17}}],"line":14}},"s":{"0":0,"1":0,"2":0,"3":0,"4":0,"5":0},"f":{"0":0},"b":{"0":[0,0],"1":[0,0]},"meta":{"lastBranch":2,"lastFunction":1,"lastStatement":6,"seen":{"s:33:5:44:Infinity":0,"s:2:7:2:Infinity":1,"s:3:8:3:Infinity":2,"s:6:7:6:Infinity":3,"s:2:2:24:Infinity":4,"b:4:11:4:47:4:11:4:84":0,"f:12:7:12:Infinity":0,"s:14:6:14:17":5,"b:14:6:14:17:14:6:14:17":1}}}
,"/Users/randompch/Development/versionned/github/v5/domain/portfolio/constants.ts": {"path":"/Users/randompch/Development/versionned/github/v5/domain/portfolio/constants.ts","statementMap":{"0":{"start":{"line":3,"column":25},"end":{"line":8,"column":null}},"1":{"start":{"line":12,"column":24},"end":{"line":20,"column":null}},"2":{"start":{"line":24,"column":29},"end":{"line":30,"column":null}},"3":{"start":{"line":34,"column":27},"end":{"line":40,"column":null}}},"fnMap":{},"branchMap":{},"s":{"0":0,"1":0,"2":0,"3":0},"f":{},"b":{},"meta":{"lastBranch":0,"lastFunction":0,"lastStatement":4,"seen":{"s:3:25:8:Infinity":0,"s:12:24:20:Infinity":1,"s:24:29:30:Infinity":2,"s:34:27:40:Infinity":3}}}
,"/Users/randompch/Development/versionned/github/v5/domain/portfolio/types.ts": {"path":"/Users/randompch/Development/versionned/github/v5/domain/portfolio/types.ts","statementMap":{},"fnMap":{},"branchMap":{},"s":{},"f":{},"b":{},"meta":{"lastBranch":0,"lastFunction":0,"lastStatement":0,"seen":{}}}
}
